{
  "RSpec": {
    "coverage": {
      "/home/patient-blog-9496/tic-tac-toe-rb-online-web-sp-000/lib/tic_tac_toe.rb": [
        null,
        1,
        5,
        5,
        5,
        5,
        5,
        5,
        5,
        5,
        null,
        null,
        1,
        13,
        13,
        null,
        null,
        1,
        4,
        null,
        null,
        null,
        null,
        1,
        15,
        null,
        null,
        1,
        13,
        2,
        11,
        1,
        10,
        10,
        null,
        null,
        null,
        1,
        10,
        10,
        10,
        10,
        10,
        10,
        null,
        10,
        9,
        0,
        null,
        1,
        null,
        null,
        null,
        1,
        2,
        2,
        18,
        5,
        null,
        null,
        2,
        null,
        null,
        1,
        1,
        1,
        1,
        null,
        0,
        null,
        null,
        null,
        null,
        null,
        null,
        1,
        null,
        null,
        null,
        null,
        null,
        null,
        null,
        null,
        null,
        null,
        null,
        null,
        null,
        null,
        null,
        null,
        1,
        null,
        null,
        null,
        null,
        null,
        null,
        null,
        null,
        null,
        null,
        1,
        23,
        133,
        133,
        133,
        null,
        133,
        133,
        133,
        null,
        133,
        7,
        126,
        4,
        null,
        null,
        12,
        null,
        null,
        1,
        22,
        117,
        null,
        null,
        null,
        1,
        10,
        3,
        null,
        7,
        null,
        null,
        null,
        1,
        11,
        7,
        null,
        4,
        null,
        null,
        null,
        1,
        11,
        11,
        11,
        null,
        null,
        6,
        3,
        null,
        3,
        null,
        null,
        null,
        null,
        null,
        1,
        12,
        7,
        null,
        5,
        2,
        3,
        1,
        null,
        5,
        2,
        null,
        null
      ]
    },
    "timestamp": 1583651785
  }
}
