{
  "RSpec": {
    "coverage": {
      "/home/patient-blog-9496/tic-tac-toe-rb-online-web-sp-000/lib/tic_tac_toe.rb": [
        null,
        1,
        22,
        22,
        22,
        22,
        22,
        22,
        22,
        22,
        null,
        null,
        1,
        21,
        21,
        null,
        null,
        1,
        20,
        null,
        null,
        null,
        null,
        1,
        23,
        null,
        null,
        1,
        21,
        2,
        19,
        1,
        18,
        18,
        null,
        null,
        null,
        1,
        18,
        18,
        18,
        18,
        18,
        18,
        null,
        18,
        17,
        17,
        null,
        1,
        null,
        null,
        null,
        1,
        2,
        2,
        18,
        5,
        null,
        null,
        2,
        null,
        null,
        1,
        1,
        1,
        1,
        null,
        0,
        null,
        null,
        null,
        null,
        null,
        null,
        1,
        null,
        null,
        null,
        null,
        null,
        null,
        null,
        null,
        null,
        null,
        null,
        null,
        null,
        null,
        null,
        null,
        1,
        null,
        null,
        null,
        null,
        null,
        null,
        null,
        null,
        null,
        null,
        1,
        38,
        218,
        218,
        218,
        null,
        218,
        218,
        218,
        null,
        218,
        12,
        206,
        4,
        null,
        null,
        22,
        null,
        null,
        1,
        36,
        158,
        null,
        null,
        null,
        1,
        16,
        3,
        null,
        13,
        null,
        null,
        null,
        1,
        19,
        10,
        null,
        9,
        null,
        null,
        null,
        1,
        20,
        20,
        20,
        null,
        null,
        9,
        6,
        null,
        3,
        null,
        null,
        null,
        null,
        null,
        1,
        12,
        15,
        null,
        12,
        6,
        6,
        1,
        null,
        12,
        2,
        null,
        null
      ]
    },
    "timestamp": 1583717548
  }
}
